,download error
ieu-b-4812,download error
ieu-a-1183,download error
ieu-b-4819,download error
ieu-b-4822,download error
ieu-b-4824,download error
ieu-b-4833,download error
ieu-b-73,download error
ieu-b-5067,download error
ieu-a-1043,download error
ieu-a-1085,download error
ieu-a-1186,download error
ieu-b-4908,download error
ieu-b-107,download error
ieu-b-108,download error
ukb-a-283,download error
ukb-b-4323,download error
ieu-a-1185,download error
ukb-a-268,download error
ieu-b-29,download error
ieu-a-29,download error
ukb-a-198,download error
ieu-b-4874,download error
ieu-a-999,download error
ieu-b-40,download error
ieu-b-4816,download error
ieu-b-4875,download error
ieu-b-4764,download error
ieu-b-35,download error
ieu-a-1044,download error
ieu-a-16,download error
ieu-a-1096,download error
ieu-a-1087,download error
ieu-b-4825,download error
ieu-b-4837,download error
ieu-a-836,download error
ukb-a-333,download error
ieu-a-12,download error
ukb-a-16,download error
ukb-a-15,download error
ieu-b-4839,download error
ukb-a-525,download error
ukb-a-526,download error
ukb-b-13190,download error
ukb-b-13391,download error
ieu-b-4812,download error
ieu-a-1183,download error
ieu-b-4819,download error
ieu-b-4822,download error
ieu-b-4824,download error
ieu-b-4833,download error
ieu-b-73,download error
ieu-b-5067,download error
ieu-a-1043,download error
ieu-a-1085,download error
ieu-a-1186,download error
ieu-b-4908,download error
ieu-b-107,download error
ieu-b-108,download error
ukb-a-283,download error
ukb-b-4323,download error
ieu-a-1185,download error
ukb-a-268,download error
ieu-b-29,download error
ieu-a-29,download error
ukb-a-198,download error
ieu-b-4874,download error
ieu-a-999,download error
ieu-b-40,download error
ieu-b-4816,download error
ieu-b-4875,download error
ieu-b-4764,download error
ieu-b-35,download error
ieu-a-1044,download error
ieu-a-16,download error
ieu-a-1096,download error
ieu-a-1087,download error
ieu-b-4825,download error
ieu-b-4837,download error
ieu-a-836,download error
ukb-a-333,download error
ieu-a-12,download error
ukb-a-16,download error
ukb-a-15,download error
ieu-b-4839,download error
ukb-a-525,download error
ukb-a-526,download error
ukb-b-13190,download error
ukb-b-13391,download error
ieu-a-1009,download error
ieu-b-4813,download error
ukb-d-2654_4,download error
ukb-b-13354,download error
ukb-d-30150_irnt,download error
ukb-d-30160_irnt,download error
